0 info it worked if it ends with ok
1 verbose cli [ '/Users/9dots/.nvm/v0.11.14/bin/node',
1 verbose cli   '/Users/9dots/.nvm/v0.11.14/bin/npm',
1 verbose cli   'install',
1 verbose cli   'gul[' ]
2 info using npm@2.0.0
3 info using node@v0.11.14
4 verbose readDependencies using package.json deps
5 verbose cache add [ 'gul[', null ]
6 verbose cache add spec="gul[" args=["gul[",null]
7 verbose parsed spec { raw: 'gul[',
7 verbose parsed spec   scope: null,
7 verbose parsed spec   name: null,
7 verbose parsed spec   rawSpec: 'gul[',
7 verbose parsed spec   spec: '/Users/9dots/Repositories/get-coding/gul[',
7 verbose parsed spec   type: 'local' }
8 verbose parsed spec { raw: '/Users/9dots/Repositories/get-coding/gul[',
8 verbose parsed spec   scope: null,
8 verbose parsed spec   name: null,
8 verbose parsed spec   rawSpec: '/Users/9dots/Repositories/get-coding/gul[',
8 verbose parsed spec   spec: '/Users/9dots/Repositories/get-coding/gul[',
8 verbose parsed spec   type: 'local' }
9 verbose stack Error: couldn't figure out how to install /Users/9dots/Repositories/get-coding/gul[
9 verbose stack     at addNonLocal (/Users/9dots/.nvm/v0.11.14/lib/node_modules/npm/lib/cache.js:309:12)
9 verbose stack     at /Users/9dots/.nvm/v0.11.14/lib/node_modules/npm/lib/cache.js:278:20
9 verbose stack     at Object.oncomplete (evalmachine.<anonymous>:93:15)
10 verbose cwd /Users/9dots/Repositories/get-coding
11 error Darwin 13.4.0
12 error argv "/Users/9dots/.nvm/v0.11.14/bin/node" "/Users/9dots/.nvm/v0.11.14/bin/npm" "install" "gul["
13 error node v0.11.14
14 error npm  v2.0.0
15 error couldn't figure out how to install /Users/9dots/Repositories/get-coding/gul[
16 error If you need help, you may report this error at:
16 error     <http://github.com/npm/npm/issues>
17 verbose exit [ 1, true ]
